make all --print-data-base --no-builtin-variables --no-builtin-rules --question
# GNU Make 4.3
# Built for x86_64-redhat-linux-gnu
# Copyright (C) 1988-2020 Free Software Foundation, Inc.
# License GPLv3+: GNU GPL version 3 or later <http://gnu.org/licenses/gpl.html>
# This is free software: you are free to change and redistribute it.
# There is NO WARRANTY, to the extent permitted by law.

# Make data base, printed on Wed May 25 11:32:02 2022

# Variables

# environment
GDK_BACKEND = x11
# environment
LC_ALL = C
# environment
NO_AT_BRIDGE = 1
# environment
I3SOCK = /run/user/1000/sway-ipc.1000.2199.sock
# environment
VSCODE_IPC_HOOK_EXTHOST = /run/user/1000/vscode-ipc-0ea0f0ad-b45c-4ba2-b509-370f4f48fe1f.sock
# environment
VSCODE_CWD = /home/fra/Projects/Csharp-sample-codes
# environment
WINDOWID = 4194319
# environment
SWAYSOCK = /run/user/1000/sway-ipc.1000.2199.sock
# environment
GDM_LANG = it_IT.UTF-8
# default
MAKE_COMMAND := make
# automatic
@D = $(patsubst %/,%,$(dir $@))
# environment
VSCODE_HANDLES_UNCAUGHT_ERRORS = true
# default
.VARIABLES := 
# environment
PWD = /home/fra/Projects/Csharp-sample-codes
# automatic
%D = $(patsubst %/,%,$(dir $%))
# environment
XDG_DATA_DIRS = /home/fra/.local/share/flatpak/exports/share:/var/lib/flatpak/exports/share:/usr/local/share/:/usr/share/
# automatic
^D = $(patsubst %/,%,$(dir $^))
# environment
VSCODE_LOG_STACK = false
# automatic
%F = $(notdir $%)
# environment
VSCODE_CODE_CACHE_PATH = /home/fra/.config/Code/CachedData/c3511e6c69bb39013c4a4b7b9566ec1ca73fc4d5
# environment
LANG = C
# default
.LOADED := 
# default
.INCLUDE_DIRS = /usr/include /usr/local/include /usr/include
# makefile
MAKEFLAGS = pqrR
# makefile
CURDIR := /home/fra/Projects/Csharp-sample-codes
# environment
VSCODE_PIPE_LOGGING = true
# environment
APPLICATION_INSIGHTS_NO_DIAGNOSTIC_CHANNEL = true
# automatic
*D = $(patsubst %/,%,$(dir $*))
# environment
MFLAGS = -pqrR
# default
.SHELLFLAGS := -c
# environment
WAYLAND_DISPLAY = wayland-1
# automatic
+D = $(patsubst %/,%,$(dir $+))
# environment
XDG_SESSION_DESKTOP = sway
# makefile
MAKEFILE_LIST := 
# automatic
@F = $(notdir $@)
# environment
VSCODE_VERBOSE_LOGGING = true
# environment
VSCODE_PID = 58376
# environment
XDG_SESSION_TYPE = wayland
# automatic
?D = $(patsubst %/,%,$(dir $?))
# automatic
*F = $(notdir $*)
# environment
CHROME_DESKTOP = code-url-handler.desktop
# environment
DBUS_SESSION_BUS_ADDRESS = unix:path=/run/user/1000/bus
# automatic
<D = $(patsubst %/,%,$(dir $<))
# environment
VSCODE_NLS_CONFIG = {"locale":"it","availableLanguages":{"*":"it"},"_languagePackId":"edd95fe2637dfb670c0c498374f66f34.it","_translationsConfigFile":"/home/fra/.config/Code/clp/edd95fe2637dfb670c0c498374f66f34.it/tcf.json","_cacheRoot":"/home/fra/.config/Code/clp/edd95fe2637dfb670c0c498374f66f34.it","_resolvedLanguagePackCoreLocation":"/home/fra/.config/Code/clp/edd95fe2637dfb670c0c498374f66f34.it/c3511e6c69bb39013c4a4b7b9566ec1ca73fc4d5","_corruptedFile":"/home/fra/.config/Code/clp/edd95fe2637dfb670c0c498374f66f34.it/corrupted.info","_languagePackSupport":true}
# default
MAKE_HOST := x86_64-redhat-linux-gnu
# makefile
SHELL = /bin/sh
# default
MAKECMDGOALS := all
# environment
XMODIFIERS = @im=none
# environment
SHLVL = 2
# environment
TERMINFO = /usr/lib64/kitty/terminfo
# environment
MAKELEVEL := 0
# default
MAKE = $(MAKE_COMMAND)
# environment
PATH = /home/fra/dev/flutter/bin:/home/fra/.cargo/bin:/home/fra/.dotfiles/scripts:/home/fra/.local/bin/scripts:/usr/local/bin:/usr/local/sbin:/usr/bin:/usr/sbin:/home/fra/.local/bin
# default
MAKEFILES := 
# automatic
^F = $(notdir $^)
# environment
VSCODE_LOG_NATIVE = false
# environment
USERNAME = fra
# automatic
?F = $(notdir $?)
# environment
XDG_SEAT = seat0
# environment
GTK_IM_MODULE = gtk-im-context-simple:xim
# automatic
+F = $(notdir $+)
# environment
DESKTOP_SESSION = sway
# environment
ORIGINAL_XDG_CURRENT_DESKTOP = undefined
# 'override' directive
GNUMAKEFLAGS := 
# environment
LOGNAME = fra
# environment
XDG_VTNR = 2
# makefile
.DEFAULT_GOAL := 
# environment
SYSTEMD_EXEC_PID = 2153
# environment
KITTY_WINDOW_ID = 1
# environment
EDITOR = nvim
# environment
DISPLAY = :0
# environment
USER = fra
# default
MAKE_VERSION := 4.3
# environment
KITTY_PID = 51254
# environment
_ = /usr/bin/make
# environment
XDG_RUNTIME_DIR = /run/user/1000
# environment
COLORTERM = truecolor
# environment
XDG_SESSION_CLASS = user
# environment
VSCODE_AMD_ENTRYPOINT = vs/workbench/api/node/extensionHostProcess
# environment
HOME = /home/fra
# environment
QT_IM_MODULE = xim
# environment
ELECTRON_RUN_AS_NODE = 1
# environment
VSCODE_IPC_HOOK = /run/user/1000/vscode-6a3c7eea-1.67.2-main.sock
# environment
TERM = xterm-kitty
# environment
XDG_SESSION_ID = 2
# environment
XCURSOR_SIZE = 24
# default
.RECIPEPREFIX := 
# automatic
<F = $(notdir $<)
# default
SUFFIXES := 
# environment
VSCODE_CLI = 1
# environment
ELECTRON_NO_ATTACH_CONSOLE = 1
# default
.FEATURES := target-specific order-only second-expansion else-if shortest-stem undefine oneshell nocomment grouped-target extra-prereqs archives jobserver output-sync check-symlink guile load
# environment
KITTY_INSTALLATION_DIR = /usr/lib64/kitty
# environment
GDMSESSION = sway
# variable set hash-table stats:
# Load=94/1024=9%, Rehash=0, Collisions=4/121=3%

# Pattern-specific Variable Values

# No pattern-specific variable values.

# Directories

# . (device 64770, inode 287166): 9 files, no impossibilities.

# 9 files, no impossibilities in 1 directories.

# Implicit Rules

# No implicit rules.

# Files

# Not a target:
Makefile:
#  Implicit rule search has been done.
#  File does not exist.
#  File has been updated.
#  Failed to be updated.

# Not a target:
.DEFAULT:
#  Implicit rule search has not been done.
#  Modification time never checked.
#  File has not been updated.

# Not a target:
all:
#  Command line target.
#  Implicit rule search has been done.
#  File does not exist.
#  File has not been updated.

# Not a target:
makefile:
#  Implicit rule search has been done.
#  File does not exist.
#  File has been updated.
#  Failed to be updated.

# Not a target:
GNUmakefile:
#  Implicit rule search has been done.
#  File does not exist.
#  File has been updated.
#  Failed to be updated.

# files hash-table stats:
# Load=6/1024=1%, Rehash=0, Collisions=0/15=0%
# VPATH Search Paths

# No 'vpath' search paths.

# No general ('VPATH' variable) search path.

# strcache buffers: 1 (0) / strings = 17 / storage = 141 B / avg = 8 B
# current buf: size = 8162 B / used = 141 B / count = 17 / avg = 8 B

# strcache performance: lookups = 20 / hit rate = 15%
# hash-table stats:
# Load=17/8192=0%, Rehash=0, Collisions=0/20=0%
# Finished Make data base on Wed May 25 11:32:02 2022

 
make: *** No rule to make target 'all'.  Stop.

